# JRE version: OpenJDK Runtime Environment (8.0_152-b01) (build 1.8.0_152-release-1024-b01)
# Java VM: OpenJDK 64-Bit Server VM (25.152-b01 mixed mode linux-amd64 compressed oops)
Heap:
 PSYoungGen      total 219136K, used 0K [0x00000000e0000000, 0x00000000ef480000, 0x0000000100000000)
  eden space 194048K, 0% used [0x00000000e0000000,0x00000000e0000000,0x00000000ebd80000)
  from space 25088K, 0% used [0x00000000ed800000,0x00000000ed800000,0x00000000ef080000)
  to   space 27136K, 0% used [0x00000000ebd80000,0x00000000ebd80000,0x00000000ed800000)
 ParOldGen       total 130048K, used 34648K [0x00000000a0000000, 0x00000000a7f00000, 0x00000000e0000000)
  object space 130048K, 26% used [0x00000000a0000000,0x00000000a21d6028,0x00000000a7f00000)
 Metaspace       used 57376K, capacity 59008K, committed 59028K, reserved 1099776K
  class space    used 7783K, capacity 8187K, committed 8192K, reserved 1048576K
GC Heap History (10 events):
Event: 7.468 GC heap after
Heap after GC invocations=6 (full 1):
 PSYoungGen      total 166400K, used 6634K [0x00000000e0000000, 0x00000000ebe00000, 0x0000000100000000)
  eden space 159744K, 0% used [0x00000000e0000000,0x00000000e0000000,0x00000000e9c00000)
  from space 6656K, 99% used [0x00000000e9c00000,0x00000000ea27aa38,0x00000000ea280000)
  to   space 14336K, 0% used [0x00000000eb000000,0x00000000eb000000,0x00000000ebe00000)
 ParOldGen       total 79872K, used 18980K [0x00000000a0000000, 0x00000000a4e00000, 0x00000000e0000000)
  object space 79872K, 23% used [0x00000000a0000000,0x00000000a1289008,0x00000000a4e00000)
 Metaspace       used 34716K, capacity 35282K, committed 35416K, reserved 1079296K
  class space    used 4818K, capacity 5061K, committed 5120K, reserved 1048576K
}
Event: 7.468 GC heap before
{Heap before GC invocations=7 (full 2):
 PSYoungGen      total 166400K, used 6634K [0x00000000e0000000, 0x00000000ebe00000, 0x0000000100000000)
  eden space 159744K, 0% used [0x00000000e0000000,0x00000000e0000000,0x00000000e9c00000)
  from space 6656K, 99% used [0x00000000e9c00000,0x00000000ea27aa38,0x00000000ea280000)
  to   space 14336K, 0% used [0x00000000eb000000,0x00000000eb000000,0x00000000ebe00000)
 ParOldGen       total 79872K, used 18980K [0x00000000a0000000, 0x00000000a4e00000, 0x00000000e0000000)
  object space 79872K, 23% used [0x00000000a0000000,0x00000000a1289008,0x00000000a4e00000)
 Metaspace       used 34716K, capacity 35282K, committed 35416K, reserved 1079296K
  class space    used 4818K, capacity 5061K, committed 5120K, reserved 1048576K
Event: 7.638 GC heap after
Heap after GC invocations=7 (full 2):
 PSYoungGen      total 166400K, used 0K [0x00000000e0000000, 0x00000000ebe00000, 0x0000000100000000)
  eden space 159744K, 0% used [0x00000000e0000000,0x00000000e0000000,0x00000000e9c00000)
  from space 6656K, 0% used [0x00000000e9c00000,0x00000000e9c00000,0x00000000ea280000)
  to   space 14336K, 0% used [0x00000000eb000000,0x00000000eb000000,0x00000000ebe00000)
 ParOldGen       total 130048K, used 18310K [0x00000000a0000000, 0x00000000a7f00000, 0x00000000e0000000)
  object space 130048K, 14% used [0x00000000a0000000,0x00000000a11e1828,0x00000000a7f00000)
 Metaspace       used 34716K, capacity 35282K, committed 35416K, reserved 1079296K
  class space    used 4818K, capacity 5061K, committed 5120K, reserved 1048576K
}
Event: 13.211 GC heap before
{Heap before GC invocations=8 (full 2):
 PSYoungGen      total 166400K, used 159744K [0x00000000e0000000, 0x00000000ebe00000, 0x0000000100000000)
  eden space 159744K, 100% used [0x00000000e0000000,0x00000000e9c00000,0x00000000e9c00000)
  from space 6656K, 0% used [0x00000000e9c00000,0x00000000e9c00000,0x00000000ea280000)
  to   space 14336K, 0% used [0x00000000eb000000,0x00000000eb000000,0x00000000ebe00000)
 ParOldGen       total 130048K, used 18310K [0x00000000a0000000, 0x00000000a7f00000, 0x00000000e0000000)
  object space 130048K, 14% used [0x00000000a0000000,0x00000000a11e1828,0x00000000a7f00000)
 Metaspace       used 47095K, capacity 47994K, committed 48256K, reserved 1091584K
  class space    used 6378K, capacity 6662K, committed 6784K, reserved 1048576K
Event: 13.234 GC heap after
Heap after GC invocations=8 (full 2):
 PSYoungGen      total 176128K, used 14325K [0x00000000e0000000, 0x00000000ee900000, 0x0000000100000000)
  eden space 161792K, 0% used [0x00000000e0000000,0x00000000e0000000,0x00000000e9e00000)
  from space 14336K, 99% used [0x00000000eb000000,0x00000000ebdfd740,0x00000000ebe00000)
  to   space 18432K, 0% used [0x00000000e9e00000,0x00000000e9e00000,0x00000000eb000000)
 ParOldGen       total 130048K, used 21899K [0x00000000a0000000, 0x00000000a7f00000, 0x00000000e0000000)
  object space 130048K, 16% used [0x00000000a0000000,0x00000000a1562c30,0x00000000a7f00000)
 Metaspace       used 47095K, capacity 47994K, committed 48256K, reserved 1091584K
  class space    used 6378K, capacity 6662K, committed 6784K, reserved 1048576K
}
Event: 121.454 GC heap before
{Heap before GC invocations=9 (full 2):
 PSYoungGen      total 176128K, used 176117K [0x00000000e0000000, 0x00000000ee900000, 0x0000000100000000)
  eden space 161792K, 100% used [0x00000000e0000000,0x00000000e9e00000,0x00000000e9e00000)
  from space 14336K, 99% used [0x00000000eb000000,0x00000000ebdfd740,0x00000000ebe00000)
  to   space 18432K, 0% used [0x00000000e9e00000,0x00000000e9e00000,0x00000000eb000000)
 ParOldGen       total 130048K, used 21899K [0x00000000a0000000, 0x00000000a7f00000, 0x00000000e0000000)
  object space 130048K, 16% used [0x00000000a0000000,0x00000000a1562c30,0x00000000a7f00000)
 Metaspace       used 55686K, capacity 57250K, committed 57472K, reserved 1099776K
  class space    used 7591K, capacity 7972K, committed 8064K, reserved 1048576K
Event: 121.484 GC heap after
Heap after GC invocations=9 (full 2):
 PSYoungGen      total 180224K, used 18428K [0x00000000e0000000, 0x00000000ef080000, 0x0000000100000000)
  eden space 161792K, 0% used [0x00000000e0000000,0x00000000e0000000,0x00000000e9e00000)
  from space 18432K, 99% used [0x00000000e9e00000,0x00000000eafff338,0x00000000eb000000)
  to   space 25088K, 0% used [0x00000000ed800000,0x00000000ed800000,0x00000000ef080000)
 ParOldGen       total 130048K, used 28728K [0x00000000a0000000, 0x00000000a7f00000, 0x00000000e0000000)
  object space 130048K, 22% used [0x00000000a0000000,0x00000000a1c0e3a8,0x00000000a7f00000)
 Metaspace       used 55686K, capacity 57250K, committed 57472K, reserved 1099776K
  class space    used 7591K, capacity 7972K, committed 8064K, reserved 1048576K
}
Event: 126.929 GC heap before
{Heap before GC invocations=10 (full 2):
 PSYoungGen      total 180224K, used 71529K [0x00000000e0000000, 0x00000000ef080000, 0x0000000100000000)
  eden space 161792K, 32% used [0x00000000e0000000,0x00000000e33db2f8,0x00000000e9e00000)
  from space 18432K, 99% used [0x00000000e9e00000,0x00000000eafff338,0x00000000eb000000)
  to   space 25088K, 0% used [0x00000000ed800000,0x00000000ed800000,0x00000000ef080000)
 ParOldGen       total 130048K, used 28728K [0x00000000a0000000, 0x00000000a7f00000, 0x00000000e0000000)
  object space 130048K, 22% used [0x00000000a0000000,0x00000000a1c0e3a8,0x00000000a7f00000)
 Metaspace       used 57376K, capacity 59008K, committed 59028K, reserved 1099776K
  class space    used 7783K, capacity 8187K, committed 8192K, reserved 1048576K
Event: 126.969 GC heap after
Heap after GC invocations=10 (full 2):
 PSYoungGen      total 219136K, used 21289K [0x00000000e0000000, 0x00000000ef480000, 0x0000000100000000)
  eden space 194048K, 0% used [0x00000000e0000000,0x00000000e0000000,0x00000000ebd80000)
  from space 25088K, 84% used [0x00000000ed800000,0x00000000eecca688,0x00000000ef080000)
  to   space 27136K, 0% used [0x00000000ebd80000,0x00000000ebd80000,0x00000000ed800000)
 ParOldGen       total 130048K, used 28736K [0x00000000a0000000, 0x00000000a7f00000, 0x00000000e0000000)
  object space 130048K, 22% used [0x00000000a0000000,0x00000000a1c103a8,0x00000000a7f00000)
 Metaspace       used 57376K, capacity 59008K, committed 59028K, reserved 1099776K
  class space    used 7783K, capacity 8187K, committed 8192K, reserved 1048576K
}
Event: 126.969 GC heap before
{Heap before GC invocations=11 (full 3):
 PSYoungGen      total 219136K, used 21289K [0x00000000e0000000, 0x00000000ef480000, 0x0000000100000000)
  eden space 194048K, 0% used [0x00000000e0000000,0x00000000e0000000,0x00000000ebd80000)
  from space 25088K, 84% used [0x00000000ed800000,0x00000000eecca688,0x00000000ef080000)
  to   space 27136K, 0% used [0x00000000ebd80000,0x00000000ebd80000,0x00000000ed800000)
 ParOldGen       total 130048K, used 28736K [0x00000000a0000000, 0x00000000a7f00000, 0x00000000e0000000)
  object space 130048K, 22% used [0x00000000a0000000,0x00000000a1c103a8,0x00000000a7f00000)
 Metaspace       used 57376K, capacity 59008K, committed 59028K, reserved 1099776K
  class space    used 7783K, capacity 8187K, committed 8192K, reserved 1048576K

